
                                          FOURSCOREANDSEVEN
                                 YEARSAGOOURFATHERSBROUGHTFOR
                              THONTHISCONTINENTANEWNATIONCONCEI
                            VEDINLIBERTYANDDEDICATEDTOTHEPROPOSIT
                           IONTHATALLMENARECREATEDEQUALNOWWEAREENG
                          AGEDINAGREAT      CIVILWARTESTINGWHETHERT
                         HATNATIONO          RANYNATIONSOCONCEIVEDAN
                         DSODEDIC                 ATEDCANLONGENDUREW
                         EAREMET                     ONAGREATBATTLEFI
                        ELDOFTHAT                    WARWEHAVEC OMETOD
                        EDICATEAP                     ORTIONOFTH ATFIE
                       LDASAFINAL                          RES    TINGP
                     LACEFORTHOSEW                                 HOHE
                    REGA  VETHEIRL        IVES                      THA
                   TTH     ATNATI     ONMIGHTLIV                    EITI
                SALT        OGETH    ERFIT      T       INGANDPRO   PERT
                HAT        WESHO    ULDD              OTHIS  BUTIN  ALARG
                 ERS       ENSE         WE CANN O     T     HALL   OWTHISG
                 ROU       NDT         H  EBRAV E      MEN   LIV INGANDDEA
                 DWH       OS           T  RU  G        G LE  DH  EREHAVE
                 CON        SE                          C         RATEDI
                  TFA       RAB                         O          V
                  EOUR      POO                          R         P
                   OWERTOADDORD                         E          T
                    RACTTHEWORL                 DWI      L         L
                     LITTLENOTE               NO        R         L
                        ONGREME       M    BE  R        WH       A
                         TWESAYH      EREB     UTITCANNE  V     E
                         RFORGETW     H            A      T    T
                         HEYDIDHE     R      E  I  TI       S F
                          ORUSTHE     L   IVINGRATHERTOBEDE  D
                          ICATE               DHERETOTHEU    N
                          FINISHED                          WO
                           RKWHICHTHEYWHOF                 OUGH
                           THEREHAVETHUSFARSONOBLYADVANCEDITISRA
                           THERFORUSTOBEHEREDEDICATEDTOTHEGREAT
                           TASKREMAININGBEFOREUSTHATFROMTHESEHO
                          N OREDDEADWETAKEINCREASEDDEVOTIONTOT
                         H   ATCAUSEFORWHICHTHEYGAVETHELASTFUL
                        L      MEASUREOFDEVOTIONTHATWEHEREHIG
                        H        LYRESOLVETHATTHESEDEADSHALL
                       N           OTHAVEDIEDINVAINTHATT    H
                    ISNA              TIONUNDERGODSHAL       L
           HAVEAN                          EWBIRTH            O
         FFREE                                                 D
     OMAN                                                       D
  THA                                                            T
                                       G              O
                                   VERNMENTOF    THEPEOPLEB
                                 YTHEPEOPLEFORTHEPEOPLESHALLN
                                   OTPERISHFR     OMTHISEAR
                                       T              H
